<?xml version="1.0" encoding="UTF-8"?>
<testng-results skipped="0" failed="0" ignored="0" total="2" passed="2">
  <reporter-output>
  </reporter-output>
  <suite name="Default suite" duration-ms="227" started-at="2017-01-31T04:22:16Z" finished-at="2017-01-31T04:22:16Z">
    <groups>
    </groups>
    <test name="Default test" duration-ms="227" started-at="2017-01-31T04:22:16Z" finished-at="2017-01-31T04:22:16Z">
      <class name="com.sqa.bm.DataHelperTest">
        <test-method status="PASS" signature="testNonStaticDataHelper()[pri:0, instance:com.sqa.bm.DataHelperTest@443f6b14]" name="testNonStaticDataHelper" duration-ms="70" started-at="2017-01-30T20:22:16Z" finished-at="2017-01-30T20:22:16Z">
          <reporter-output>
          </reporter-output>
        </test-method> <!-- testNonStaticDataHelper -->
        <test-method status="PASS" signature="testStaticDataHelper()[pri:0, instance:com.sqa.bm.DataHelperTest@443f6b14]" name="testStaticDataHelper" duration-ms="24" started-at="2017-01-30T20:22:16Z" finished-at="2017-01-30T20:22:16Z">
          <reporter-output>
          </reporter-output>
        </test-method> <!-- testStaticDataHelper -->
      </class> <!-- com.sqa.bm.DataHelperTest -->
    </test> <!-- Default test -->
  </suite> <!-- Default suite -->
</testng-results>
